<?xml version="1.0" encoding="UTF-8"?>
<!-- Generated by org.testng.reporters.JUnitXMLReporter -->
<testsuite ignored="3" hostname="vineeth" failures="0" tests="3" name="Default test" time="96.242" errors="0" timestamp="2020-02-21T13:06:31 IST">
  <testcase classname="com.crm.qa.testcases.ContactsPageTest" name="validateCreateNewContact" time="2.33"/>
  <testcase classname="com.crm.qa.testcases.ContactsPageTest" name="validateCreateNewContact" time="2.077"/>
  <testcase classname="com.crm.qa.testcases.ContactsPageTest" name="validateCreateNewContact" time="1.958"/>
  <testcase classname="com.crm.qa.testcases.ContactsPageTest" name="selectmultiplecontactstest" time="0.0">
    <ignored/>
  </testcase> <!-- selectmultiplecontactstest -->
  <testcase classname="com.crm.qa.testcases.ContactsPageTest" name="verifycontactspagelabel" time="0.0">
    <ignored/>
  </testcase> <!-- verifycontactspagelabel -->
  <testcase classname="com.crm.qa.testcases.ContactsPageTest" name="selectsinglecontactstest" time="0.0">
    <ignored/>
  </testcase> <!-- selectsinglecontactstest -->
</testsuite> <!-- Default test -->
