<?xml version="1.0" encoding="UTF-8"?>
<testng-results ignored="3" total="6" passed="3" failed="0" skipped="0">
  <reporter-output>
  </reporter-output>
  <suite started-at="2020-02-23T18:52:20 IST" name="Default suite" finished-at="2020-02-23T18:53:57 IST" duration-ms="96428">
    <groups>
    </groups>
    <test started-at="2020-02-23T18:52:20 IST" name="Default test" finished-at="2020-02-23T18:53:57 IST" duration-ms="96428">
      <class name="com.crm.qa.testcases.ContactsPageTest">
        <test-method is-config="true" signature="setup()[pri:0, instance:com.crm.qa.testcases.ContactsPageTest@4313f5bc]" started-at="2020-02-23T18:52:22 IST" name="setup" finished-at="2020-02-23T18:52:51 IST" duration-ms="29187" status="PASS">
          <reporter-output>
          </reporter-output>
        </test-method> <!-- setup -->
        <test-method signature="validateCreateNewContact(java.lang.String, java.lang.String)[pri:4, instance:com.crm.qa.testcases.ContactsPageTest@4313f5bc]" started-at="2020-02-23T18:52:51 IST" name="validateCreateNewContact" data-provider="getCRMTestData" finished-at="2020-02-23T18:52:53 IST" duration-ms="2241" status="PASS">
          <params>
            <param index="0">
              <value>
                <![CDATA[vineeth]]>
              </value>
            </param>
            <param index="1">
              <value>
                <![CDATA[vinu]]>
              </value>
            </param>
          </params>
          <reporter-output>
          </reporter-output>
        </test-method> <!-- validateCreateNewContact -->
        <test-method is-config="true" signature="teardown()[pri:0, instance:com.crm.qa.testcases.ContactsPageTest@4313f5bc]" started-at="2020-02-23T18:52:53 IST" name="teardown" finished-at="2020-02-23T18:52:56 IST" duration-ms="2867" status="PASS">
          <reporter-output>
          </reporter-output>
        </test-method> <!-- teardown -->
        <test-method is-config="true" signature="setup()[pri:0, instance:com.crm.qa.testcases.ContactsPageTest@4313f5bc]" started-at="2020-02-23T18:52:56 IST" name="setup" finished-at="2020-02-23T18:53:21 IST" duration-ms="25352" status="PASS">
          <reporter-output>
          </reporter-output>
        </test-method> <!-- setup -->
        <test-method signature="validateCreateNewContact(java.lang.String, java.lang.String)[pri:4, instance:com.crm.qa.testcases.ContactsPageTest@4313f5bc]" started-at="2020-02-23T18:53:21 IST" name="validateCreateNewContact" data-provider="getCRMTestData" finished-at="2020-02-23T18:53:23 IST" duration-ms="1737" status="PASS">
          <params>
            <param index="0">
              <value>
                <![CDATA[chitra]]>
              </value>
            </param>
            <param index="1">
              <value>
                <![CDATA[puppy]]>
              </value>
            </param>
          </params>
          <reporter-output>
          </reporter-output>
        </test-method> <!-- validateCreateNewContact -->
        <test-method is-config="true" signature="teardown()[pri:0, instance:com.crm.qa.testcases.ContactsPageTest@4313f5bc]" started-at="2020-02-23T18:53:23 IST" name="teardown" finished-at="2020-02-23T18:53:26 IST" duration-ms="2865" status="PASS">
          <reporter-output>
          </reporter-output>
        </test-method> <!-- teardown -->
        <test-method is-config="true" signature="setup()[pri:0, instance:com.crm.qa.testcases.ContactsPageTest@4313f5bc]" started-at="2020-02-23T18:53:26 IST" name="setup" finished-at="2020-02-23T18:53:51 IST" duration-ms="25232" status="PASS">
          <reporter-output>
          </reporter-output>
        </test-method> <!-- setup -->
        <test-method signature="validateCreateNewContact(java.lang.String, java.lang.String)[pri:4, instance:com.crm.qa.testcases.ContactsPageTest@4313f5bc]" started-at="2020-02-23T18:53:51 IST" name="validateCreateNewContact" data-provider="getCRMTestData" finished-at="2020-02-23T18:53:54 IST" duration-ms="2699" status="PASS">
          <params>
            <param index="0">
              <value>
                <![CDATA[puppy]]>
              </value>
            </param>
            <param index="1">
              <value>
                <![CDATA[priyanka]]>
              </value>
            </param>
          </params>
          <reporter-output>
          </reporter-output>
        </test-method> <!-- validateCreateNewContact -->
        <test-method is-config="true" signature="teardown()[pri:0, instance:com.crm.qa.testcases.ContactsPageTest@4313f5bc]" started-at="2020-02-23T18:53:54 IST" name="teardown" finished-at="2020-02-23T18:53:57 IST" duration-ms="2893" status="PASS">
          <reporter-output>
          </reporter-output>
        </test-method> <!-- teardown -->
      </class> <!-- com.crm.qa.testcases.ContactsPageTest -->
    </test> <!-- Default test -->
  </suite> <!-- Default suite -->
</testng-results>
