<?xml version="1.0" encoding="UTF-8"?>
<testng-results ignored="0" total="11" passed="11" failed="0" skipped="0">
  <reporter-output>
  </reporter-output>
  <suite started-at="2020-02-21T19:13:38 IST" name="Free CRM Test Automation" finished-at="2020-02-21T19:18:04 IST" duration-ms="266248">
    <groups>
    </groups>
    <test started-at="2020-02-21T19:13:38 IST" name="Free CRM app Test cases" finished-at="2020-02-21T19:18:04 IST" duration-ms="266248">
      <class name="com.crm.qa.testcases.HomePageTest">
        <test-method is-config="true" signature="setup()[pri:0, instance:com.crm.qa.testcases.HomePageTest@6e0dec4a]" started-at="2020-02-21T19:14:07 IST" name="setup" finished-at="2020-02-21T19:14:22 IST" duration-ms="14919" status="PASS">
          <reporter-output>
          </reporter-output>
        </test-method> <!-- setup -->
        <test-method signature="VerifyHomepagetitletest()[pri:1, instance:com.crm.qa.testcases.HomePageTest@6e0dec4a]" started-at="2020-02-21T19:14:22 IST" name="VerifyHomepagetitletest" finished-at="2020-02-21T19:14:22 IST" duration-ms="12" status="PASS">
          <reporter-output>
          </reporter-output>
        </test-method> <!-- VerifyHomepagetitletest -->
        <test-method is-config="true" signature="teardown()[pri:0, instance:com.crm.qa.testcases.HomePageTest@6e0dec4a]" started-at="2020-02-21T19:14:22 IST" name="teardown" finished-at="2020-02-21T19:14:24 IST" duration-ms="1161" status="PASS">
          <reporter-output>
          </reporter-output>
        </test-method> <!-- teardown -->
        <test-method is-config="true" signature="setup()[pri:0, instance:com.crm.qa.testcases.HomePageTest@6e0dec4a]" started-at="2020-02-21T19:14:24 IST" name="setup" finished-at="2020-02-21T19:14:46 IST" duration-ms="22871" status="PASS">
          <reporter-output>
          </reporter-output>
        </test-method> <!-- setup -->
        <test-method signature="verifyusernametest()[pri:2, instance:com.crm.qa.testcases.HomePageTest@6e0dec4a]" started-at="2020-02-21T19:14:46 IST" name="verifyusernametest" finished-at="2020-02-21T19:14:49 IST" duration-ms="2730" status="PASS">
          <reporter-output>
          </reporter-output>
        </test-method> <!-- verifyusernametest -->
        <test-method is-config="true" signature="teardown()[pri:0, instance:com.crm.qa.testcases.HomePageTest@6e0dec4a]" started-at="2020-02-21T19:14:49 IST" name="teardown" finished-at="2020-02-21T19:14:50 IST" duration-ms="843" status="PASS">
          <reporter-output>
          </reporter-output>
        </test-method> <!-- teardown -->
        <test-method is-config="true" signature="setup()[pri:0, instance:com.crm.qa.testcases.HomePageTest@6e0dec4a]" started-at="2020-02-21T19:14:50 IST" name="setup" finished-at="2020-02-21T19:15:12 IST" duration-ms="22043" status="PASS">
          <reporter-output>
          </reporter-output>
        </test-method> <!-- setup -->
        <test-method signature="verifycontactslinktest()[pri:3, instance:com.crm.qa.testcases.HomePageTest@6e0dec4a]" started-at="2020-02-21T19:15:12 IST" name="verifycontactslinktest" finished-at="2020-02-21T19:15:15 IST" duration-ms="2510" status="PASS">
          <reporter-output>
          </reporter-output>
        </test-method> <!-- verifycontactslinktest -->
        <test-method is-config="true" signature="teardown()[pri:0, instance:com.crm.qa.testcases.HomePageTest@6e0dec4a]" started-at="2020-02-21T19:15:15 IST" name="teardown" finished-at="2020-02-21T19:15:16 IST" duration-ms="979" status="PASS">
          <reporter-output>
          </reporter-output>
        </test-method> <!-- teardown -->
      </class> <!-- com.crm.qa.testcases.HomePageTest -->
      <class name="com.crm.qa.testcases.ContactsPageTest">
        <test-method is-config="true" signature="setup()[pri:0, instance:com.crm.qa.testcases.ContactsPageTest@96def03]" started-at="2020-02-21T19:15:16 IST" name="setup" finished-at="2020-02-21T19:15:37 IST" duration-ms="21263" status="PASS">
          <reporter-output>
          </reporter-output>
        </test-method> <!-- setup -->
        <test-method signature="verifycontactspagelabel()[pri:1, instance:com.crm.qa.testcases.ContactsPageTest@96def03]" started-at="2020-02-21T19:15:37 IST" name="verifycontactspagelabel" finished-at="2020-02-21T19:15:37 IST" duration-ms="646" status="PASS">
          <reporter-output>
          </reporter-output>
        </test-method> <!-- verifycontactspagelabel -->
        <test-method is-config="true" signature="teardown()[pri:0, instance:com.crm.qa.testcases.ContactsPageTest@96def03]" started-at="2020-02-21T19:15:37 IST" name="teardown" finished-at="2020-02-21T19:15:38 IST" duration-ms="922" status="PASS">
          <reporter-output>
          </reporter-output>
        </test-method> <!-- teardown -->
        <test-method is-config="true" signature="setup()[pri:0, instance:com.crm.qa.testcases.ContactsPageTest@96def03]" started-at="2020-02-21T19:15:38 IST" name="setup" finished-at="2020-02-21T19:16:03 IST" duration-ms="24715" status="PASS">
          <reporter-output>
          </reporter-output>
        </test-method> <!-- setup -->
        <test-method signature="selectsinglecontactstest()[pri:2, instance:com.crm.qa.testcases.ContactsPageTest@96def03]" started-at="2020-02-21T19:16:03 IST" name="selectsinglecontactstest" finished-at="2020-02-21T19:16:03 IST" duration-ms="394" status="PASS">
          <reporter-output>
          </reporter-output>
        </test-method> <!-- selectsinglecontactstest -->
        <test-method is-config="true" signature="teardown()[pri:0, instance:com.crm.qa.testcases.ContactsPageTest@96def03]" started-at="2020-02-21T19:16:03 IST" name="teardown" finished-at="2020-02-21T19:16:04 IST" duration-ms="861" status="PASS">
          <reporter-output>
          </reporter-output>
        </test-method> <!-- teardown -->
        <test-method is-config="true" signature="setup()[pri:0, instance:com.crm.qa.testcases.ContactsPageTest@96def03]" started-at="2020-02-21T19:16:04 IST" name="setup" finished-at="2020-02-21T19:16:25 IST" duration-ms="20862" status="PASS">
          <reporter-output>
          </reporter-output>
        </test-method> <!-- setup -->
        <test-method signature="selectmultiplecontactstest()[pri:3, instance:com.crm.qa.testcases.ContactsPageTest@96def03]" started-at="2020-02-21T19:16:25 IST" name="selectmultiplecontactstest" finished-at="2020-02-21T19:16:26 IST" duration-ms="388" status="PASS">
          <reporter-output>
          </reporter-output>
        </test-method> <!-- selectmultiplecontactstest -->
        <test-method is-config="true" signature="teardown()[pri:0, instance:com.crm.qa.testcases.ContactsPageTest@96def03]" started-at="2020-02-21T19:16:26 IST" name="teardown" finished-at="2020-02-21T19:16:26 IST" duration-ms="929" status="PASS">
          <reporter-output>
          </reporter-output>
        </test-method> <!-- teardown -->
        <test-method is-config="true" signature="setup()[pri:0, instance:com.crm.qa.testcases.ContactsPageTest@96def03]" started-at="2020-02-21T19:16:29 IST" name="setup" finished-at="2020-02-21T19:17:03 IST" duration-ms="34598" status="PASS">
          <reporter-output>
          </reporter-output>
        </test-method> <!-- setup -->
        <test-method signature="validateCreateNewContact(java.lang.String, java.lang.String)[pri:4, instance:com.crm.qa.testcases.ContactsPageTest@96def03]" started-at="2020-02-21T19:17:03 IST" name="validateCreateNewContact" data-provider="getCRMTestData" finished-at="2020-02-21T19:17:06 IST" duration-ms="2569" status="PASS">
          <params>
            <param index="0">
              <value>
                <![CDATA[vineeth]]>
              </value>
            </param>
            <param index="1">
              <value>
                <![CDATA[vinu]]>
              </value>
            </param>
          </params>
          <reporter-output>
          </reporter-output>
        </test-method> <!-- validateCreateNewContact -->
        <test-method is-config="true" signature="teardown()[pri:0, instance:com.crm.qa.testcases.ContactsPageTest@96def03]" started-at="2020-02-21T19:17:06 IST" name="teardown" finished-at="2020-02-21T19:17:07 IST" duration-ms="875" status="PASS">
          <reporter-output>
          </reporter-output>
        </test-method> <!-- teardown -->
        <test-method is-config="true" signature="setup()[pri:0, instance:com.crm.qa.testcases.ContactsPageTest@96def03]" started-at="2020-02-21T19:17:07 IST" name="setup" finished-at="2020-02-21T19:17:31 IST" duration-ms="24625" status="PASS">
          <reporter-output>
          </reporter-output>
        </test-method> <!-- setup -->
        <test-method signature="validateCreateNewContact(java.lang.String, java.lang.String)[pri:4, instance:com.crm.qa.testcases.ContactsPageTest@96def03]" started-at="2020-02-21T19:17:31 IST" name="validateCreateNewContact" data-provider="getCRMTestData" finished-at="2020-02-21T19:17:34 IST" duration-ms="3014" status="PASS">
          <params>
            <param index="0">
              <value>
                <![CDATA[chitra]]>
              </value>
            </param>
            <param index="1">
              <value>
                <![CDATA[puppy]]>
              </value>
            </param>
          </params>
          <reporter-output>
          </reporter-output>
        </test-method> <!-- validateCreateNewContact -->
        <test-method is-config="true" signature="teardown()[pri:0, instance:com.crm.qa.testcases.ContactsPageTest@96def03]" started-at="2020-02-21T19:17:34 IST" name="teardown" finished-at="2020-02-21T19:17:36 IST" duration-ms="1189" status="PASS">
          <reporter-output>
          </reporter-output>
        </test-method> <!-- teardown -->
        <test-method is-config="true" signature="setup()[pri:0, instance:com.crm.qa.testcases.ContactsPageTest@96def03]" started-at="2020-02-21T19:17:36 IST" name="setup" finished-at="2020-02-21T19:17:58 IST" duration-ms="22790" status="PASS">
          <reporter-output>
          </reporter-output>
        </test-method> <!-- setup -->
        <test-method signature="validateCreateNewContact(java.lang.String, java.lang.String)[pri:4, instance:com.crm.qa.testcases.ContactsPageTest@96def03]" started-at="2020-02-21T19:17:58 IST" name="validateCreateNewContact" data-provider="getCRMTestData" finished-at="2020-02-21T19:18:03 IST" duration-ms="4450" status="PASS">
          <params>
            <param index="0">
              <value>
                <![CDATA[puppy]]>
              </value>
            </param>
            <param index="1">
              <value>
                <![CDATA[priyanka]]>
              </value>
            </param>
          </params>
          <reporter-output>
          </reporter-output>
        </test-method> <!-- validateCreateNewContact -->
        <test-method is-config="true" signature="teardown()[pri:0, instance:com.crm.qa.testcases.ContactsPageTest@96def03]" started-at="2020-02-21T19:18:03 IST" name="teardown" finished-at="2020-02-21T19:18:04 IST" duration-ms="844" status="PASS">
          <reporter-output>
          </reporter-output>
        </test-method> <!-- teardown -->
      </class> <!-- com.crm.qa.testcases.ContactsPageTest -->
      <class name="com.crm.qa.testcases.LoginPageTest">
        <test-method is-config="true" signature="setup()[pri:0, instance:com.crm.qa.testcases.LoginPageTest@56528192]" started-at="2020-02-21T19:13:38 IST" name="setup" finished-at="2020-02-21T19:13:48 IST" duration-ms="10781" status="PASS">
          <reporter-output>
          </reporter-output>
        </test-method> <!-- setup -->
        <test-method signature="loginpagetitletest()[pri:1, instance:com.crm.qa.testcases.LoginPageTest@56528192]" started-at="2020-02-21T19:13:48 IST" name="loginpagetitletest" finished-at="2020-02-21T19:13:49 IST" duration-ms="328" status="PASS">
          <reporter-output>
          </reporter-output>
        </test-method> <!-- loginpagetitletest -->
        <test-method is-config="true" signature="teardown()[pri:0, instance:com.crm.qa.testcases.LoginPageTest@56528192]" started-at="2020-02-21T19:13:49 IST" name="teardown" finished-at="2020-02-21T19:13:50 IST" duration-ms="814" status="PASS">
          <reporter-output>
          </reporter-output>
        </test-method> <!-- teardown -->
        <test-method is-config="true" signature="setup()[pri:0, instance:com.crm.qa.testcases.LoginPageTest@56528192]" started-at="2020-02-21T19:13:50 IST" name="setup" finished-at="2020-02-21T19:13:58 IST" duration-ms="8212" status="PASS">
          <reporter-output>
          </reporter-output>
        </test-method> <!-- setup -->
        <test-method signature="LoginTest()[pri:2, instance:com.crm.qa.testcases.LoginPageTest@56528192]" started-at="2020-02-21T19:13:58 IST" name="LoginTest" finished-at="2020-02-21T19:14:06 IST" duration-ms="8283" status="PASS">
          <reporter-output>
          </reporter-output>
        </test-method> <!-- LoginTest -->
        <test-method is-config="true" signature="teardown()[pri:0, instance:com.crm.qa.testcases.LoginPageTest@56528192]" started-at="2020-02-21T19:14:06 IST" name="teardown" finished-at="2020-02-21T19:14:07 IST" duration-ms="1444" status="PASS">
          <reporter-output>
          </reporter-output>
        </test-method> <!-- teardown -->
      </class> <!-- com.crm.qa.testcases.LoginPageTest -->
    </test> <!-- Free CRM app Test cases -->
  </suite> <!-- Free CRM Test Automation -->
</testng-results>
