<?xml version="1.0" encoding="UTF-8"?>
<!-- Generated by org.testng.reporters.JUnitXMLReporter -->
<testsuite ignored="0" hostname="vineeth" failures="0" tests="11" name="Free CRM app Test cases" time="257.027" errors="0" timestamp="2020-02-23T18:38:24 IST">
  <testcase classname="com.crm.qa.testcases.LoginPageTest" name="loginpagetitletest" time="0.216"/>
  <testcase classname="com.crm.qa.testcases.LoginPageTest" name="LoginTest" time="14.145"/>
  <testcase classname="com.crm.qa.testcases.HomePageTest" name="VerifyHomepagetitletest" time="0.014"/>
  <testcase classname="com.crm.qa.testcases.HomePageTest" name="verifyusernametest" time="2.081"/>
  <testcase classname="com.crm.qa.testcases.HomePageTest" name="verifycontactslinktest" time="2.703"/>
  <testcase classname="com.crm.qa.testcases.ContactsPageTest" name="verifycontactspagelabel" time="0.741"/>
  <testcase classname="com.crm.qa.testcases.ContactsPageTest" name="selectsinglecontactstest" time="0.146"/>
  <testcase classname="com.crm.qa.testcases.ContactsPageTest" name="selectmultiplecontactstest" time="0.381"/>
  <testcase classname="com.crm.qa.testcases.ContactsPageTest" name="validateCreateNewContact" time="2.087"/>
  <testcase classname="com.crm.qa.testcases.ContactsPageTest" name="validateCreateNewContact" time="1.785"/>
  <testcase classname="com.crm.qa.testcases.ContactsPageTest" name="validateCreateNewContact" time="2.016"/>
</testsuite> <!-- Free CRM app Test cases -->
