<?xml version="1.0" encoding="UTF-8"?>
<!-- Generated by org.testng.reporters.JUnitXMLReporter -->
<testsuite ignored="0" hostname="vineeth" failures="0" tests="11" name="Free CRM app Test cases" time="266.248" errors="0" timestamp="2020-02-21T19:18:04 IST">
  <testcase classname="com.crm.qa.testcases.LoginPageTest" name="loginpagetitletest" time="0.328"/>
  <testcase classname="com.crm.qa.testcases.LoginPageTest" name="LoginTest" time="8.283"/>
  <testcase classname="com.crm.qa.testcases.HomePageTest" name="VerifyHomepagetitletest" time="0.012"/>
  <testcase classname="com.crm.qa.testcases.HomePageTest" name="verifyusernametest" time="2.73"/>
  <testcase classname="com.crm.qa.testcases.HomePageTest" name="verifycontactslinktest" time="2.51"/>
  <testcase classname="com.crm.qa.testcases.ContactsPageTest" name="verifycontactspagelabel" time="0.646"/>
  <testcase classname="com.crm.qa.testcases.ContactsPageTest" name="selectsinglecontactstest" time="0.394"/>
  <testcase classname="com.crm.qa.testcases.ContactsPageTest" name="selectmultiplecontactstest" time="0.388"/>
  <testcase classname="com.crm.qa.testcases.ContactsPageTest" name="validateCreateNewContact" time="2.569"/>
  <testcase classname="com.crm.qa.testcases.ContactsPageTest" name="validateCreateNewContact" time="3.014"/>
  <testcase classname="com.crm.qa.testcases.ContactsPageTest" name="validateCreateNewContact" time="4.45"/>
</testsuite> <!-- Free CRM app Test cases -->
